Using pre-set license
Built from '2021.3/staging' branch; Version is '2021.3.5f1 (40eb3a945986) revision 4254522'; Using compiler version '192829333'; Build Type 'Release'
OS: 'Windows 10  (10.0.19043) 64bit Enterprise' Language: 'en' Physical Memory: 65458 MB
BatchMode: 1, IsHumanControllingUs: 0, StartBugReporterOnCrash: 0, Is64bit: 1, IsPro: 1

COMMAND LINE ARGUMENTS:
C:\Program Files\Unity\Hub\Editor\2021.3.5f1\Editor\Unity.exe
-adb2
-batchMode
-noUpm
-name
AssetImportWorker4
-projectPath
C:/Users/demo/Documents/GitHub/BioVR
-logFile
Logs/AssetImportWorker4.log
-srvPort
49744
Successfully changed project path to: C:/Users/demo/Documents/GitHub/BioVR
C:/Users/demo/Documents/GitHub/BioVR
[UnityMemory] Configuration Parameters - Can be set up in boot.config
    "memorysetup-bucket-allocator-granularity=16"
    "memorysetup-bucket-allocator-bucket-count=8"
    "memorysetup-bucket-allocator-block-size=33554432"
    "memorysetup-bucket-allocator-block-count=8"
    "memorysetup-main-allocator-block-size=16777216"
    "memorysetup-thread-allocator-block-size=16777216"
    "memorysetup-gfx-main-allocator-block-size=16777216"
    "memorysetup-gfx-thread-allocator-block-size=16777216"
    "memorysetup-cache-allocator-block-size=4194304"
    "memorysetup-typetree-allocator-block-size=2097152"
    "memorysetup-profiler-bucket-allocator-granularity=16"
    "memorysetup-profiler-bucket-allocator-bucket-count=8"
    "memorysetup-profiler-bucket-allocator-block-size=33554432"
    "memorysetup-profiler-bucket-allocator-block-count=8"
    "memorysetup-profiler-allocator-block-size=16777216"
    "memorysetup-profiler-editor-allocator-block-size=1048576"
    "memorysetup-temp-allocator-size-main=16777216"
    "memorysetup-job-temp-allocator-block-size=2097152"
    "memorysetup-job-temp-allocator-block-size-background=1048576"
    "memorysetup-job-temp-allocator-reduction-small-platforms=262144"
    "memorysetup-temp-allocator-size-background-worker=32768"
    "memorysetup-temp-allocator-size-job-worker=262144"
    "memorysetup-temp-allocator-size-preload-manager=33554432"
    "memorysetup-temp-allocator-size-nav-mesh-worker=65536"
    "memorysetup-temp-allocator-size-audio-worker=65536"
    "memorysetup-temp-allocator-size-cloud-worker=32768"
    "memorysetup-temp-allocator-size-gi-baking-worker=262144"
    "memorysetup-temp-allocator-size-gfx=262144"
Refreshing native plugins compatible for Editor in 240.52 ms, found 11 plugins.
Preloading 0 native plugins for Editor in 0.00 ms.
Initialize engine version: 2021.3.5f1 (40eb3a945986)
[Subsystems] Discovering subsystems at path C:/Program Files/Unity/Hub/Editor/2021.3.5f1/Editor/Data/Resources/UnitySubsystems
[Subsystems] Discovering subsystems at path C:/Users/demo/Documents/GitHub/BioVR/Assets
GfxDevice: creating device client; threaded=0; jobified=0
Direct3D:
    Version:  Direct3D 11.0 [level 11.1]
    Renderer: NVIDIA Quadro M4000 (ID=0x13f1)
    Vendor:   NVIDIA
    VRAM:     8144 MB
    Driver:   31.0.15.1694
Initialize mono
Mono path[0] = 'C:/Program Files/Unity/Hub/Editor/2021.3.5f1/Editor/Data/Managed'
Mono path[1] = 'C:/Program Files/Unity/Hub/Editor/2021.3.5f1/Editor/Data/MonoBleedingEdge/lib/mono/unityjit-win32'
Mono config path = 'C:/Program Files/Unity/Hub/Editor/2021.3.5f1/Editor/Data/MonoBleedingEdge/etc'
Using monoOptions --debugger-agent=transport=dt_socket,embedding=1,server=y,suspend=n,address=127.0.0.1:56316
Begin MonoManager ReloadAssembly
Registering precompiled unity dll's ...
Register platform support module: C:/Program Files/Unity/Hub/Editor/2021.3.5f1/Editor/Data/PlaybackEngines/WindowsStandaloneSupport/UnityEditor.WindowsStandalone.Extensions.dll
Register platform support module: C:/Program Files/Unity/Hub/Editor/2021.3.5f1/Editor/Data/PlaybackEngines/MetroSupport/UnityEditor.UWP.Extensions.dll
Registered in 0.011338 seconds.
Native extension for UWP target not found
Native extension for WindowsStandalone target not found
Refreshing native plugins compatible for Editor in 198.39 ms, found 11 plugins.
Preloading 0 native plugins for Editor in 0.00 ms.
Mono: successfully reloaded assembly
- Completed reload, in  1.004 seconds
Domain Reload Profiling:
	ReloadAssembly (1004ms)
		BeginReloadAssembly (109ms)
			ExecutionOrderSort (0ms)
			DisableScriptedObjects (0ms)
			BackupInstance (0ms)
			ReleaseScriptingObjects (0ms)
			CreateAndSetChildDomain (1ms)
		EndReloadAssembly (727ms)
			LoadAssemblies (105ms)
			RebuildTransferFunctionScriptingTraits (0ms)
			SetupTypeCache (153ms)
			ReleaseScriptCaches (0ms)
			RebuildScriptCaches (40ms)
			SetupLoadedEditorAssemblies (457ms)
				LogAssemblyErrors (0ms)
				InitializePlatformSupportModulesInManaged (13ms)
				SetLoadedEditorAssemblies (0ms)
				RefreshPlugins (199ms)
				BeforeProcessingInitializeOnLoad (2ms)
				ProcessInitializeOnLoadAttributes (176ms)
				ProcessInitializeOnLoadMethodAttributes (68ms)
				AfterProcessingInitializeOnLoad (0ms)
				EditorAssembliesLoaded (0ms)
			ExecutionOrderSort2 (0ms)
			AwakeInstancesAfterBackupRestoration (0ms)
Platform modules already initialized, skipping
Registering precompiled user dll's ...
Registered in 0.018007 seconds.
Begin MonoManager ReloadAssembly
Symbol file LoadedFromMemory doesn't match image C:\Users\demo\Documents\GitHub\BioVR\Library\PackageCache\com.unity.visualscripting@1.7.8\Editor\VisualScripting.Core\Dependencies\DotNetZip\Unity.VisualScripting.IonicZip.dll
Symbol file LoadedFromMemory doesn't match image C:\Users\demo\Documents\GitHub\BioVR\Library\PackageCache\com.unity.visualscripting@1.7.8\Editor\VisualScripting.Core\Dependencies\YamlDotNet\Unity.VisualScripting.YamlDotNet.dll
Native extension for UWP target not found
Native extension for WindowsStandalone target not found
Refreshing native plugins compatible for Editor in 220.57 ms, found 11 plugins.
Preloading 0 native plugins for Editor in 0.00 ms.
Package Manager log level set to [2]
Mono: successfully reloaded assembly
- Completed reload, in  2.627 seconds
Domain Reload Profiling:
	ReloadAssembly (2628ms)
		BeginReloadAssembly (164ms)
			ExecutionOrderSort (0ms)
			DisableScriptedObjects (8ms)
			BackupInstance (0ms)
			ReleaseScriptingObjects (0ms)
			CreateAndSetChildDomain (29ms)
		EndReloadAssembly (2312ms)
			LoadAssemblies (160ms)
			RebuildTransferFunctionScriptingTraits (0ms)
			SetupTypeCache (556ms)
			ReleaseScriptCaches (2ms)
			RebuildScriptCaches (154ms)
			SetupLoadedEditorAssemblies (1358ms)
				LogAssemblyErrors (0ms)
				InitializePlatformSupportModulesInManaged (20ms)
				SetLoadedEditorAssemblies (0ms)
				RefreshPlugins (221ms)
				BeforeProcessingInitializeOnLoad (220ms)
				ProcessInitializeOnLoadAttributes (594ms)
				ProcessInitializeOnLoadMethodAttributes (291ms)
				AfterProcessingInitializeOnLoad (12ms)
				EditorAssembliesLoaded (0ms)
			ExecutionOrderSort2 (0ms)
			AwakeInstancesAfterBackupRestoration (14ms)
Platform modules already initialized, skipping
========================================================================
Worker process is ready to serve import requests
Launched and connected shader compiler UnityShaderCompiler.exe after 0.07 seconds
Refreshing native plugins compatible for Editor in 2.77 ms, found 11 plugins.
Preloading 0 native plugins for Editor in 0.00 ms.
Unloading 7245 Unused Serialized files (Serialized files now loaded: 0)
Unloading 78 unused Assets / (3.9 MB). Loaded Objects now: 7698.
Memory consumption went from 326.5 MB to 322.6 MB.
Total: 15.764600 ms (FindLiveObjects: 1.417800 ms CreateObjectMapping: 1.597100 ms MarkObjects: 10.774900 ms  DeleteObjects: 1.972500 ms)

AssetImportParameters requested are different than current active one (requested -> active):
  custom:video-decoder-ogg-theora: a1e56fd34408186e4bbccfd4996cb3dc -> 
  custom:container-muxer-webm: aa71ff27fc2769a1b78a27578f13a17b -> 
  custom:container-demuxer-webm: 4f35f7cbe854078d1ac9338744f61a02 -> 
  custom:video-encoder-webm-vp8: eb34c28f22e8b96e1ab97ce403110664 -> 
  custom:audio-encoder-webm-vorbis: bf7c407c2cedff20999df2af8eb42d56 -> 
  custom:framework-win-MediaFoundation: 216162199b28c13a410421893ffa2e32 -> 
  custom:container-demuxer-ogg: 62fdf1f143b41e24485cea50d1cbac27 -> 
  custom:video-decoder-webm-vp8: 9c59270c3fd7afecdb556c50c9e8de78 -> 
  custom:audio-decoder-ogg-vorbis: bf7c407c2cedff20999df2af8eb42d56 -> 
========================================================================
Received Import Request.
  Time since last request: 588376.651241 seconds.
  path: Assets/blossom/blossom.anim
  artifactKey: Guid(4727873891c4826429288041ec406a7c) Importer(815301076,1909f56bfc062723c751e8b465ee728b)
Start importing Assets/blossom/blossom.anim using Guid(4727873891c4826429288041ec406a7c) Importer(815301076,1909f56bfc062723c751e8b465ee728b)  -> (artifact id: '859537253940cd4d1a5f29896c09df45') in 0.058161 seconds 
========================================================================
Received Import Request.
  Time since last request: 516.511855 seconds.
  path: Assets/blossom/GrassFlower_LOD0.controller
  artifactKey: Guid(c07476b150572bc409890b0c80f03aae) Importer(815301076,1909f56bfc062723c751e8b465ee728b)
Start importing Assets/blossom/GrassFlower_LOD0.controller using Guid(c07476b150572bc409890b0c80f03aae) Importer(815301076,1909f56bfc062723c751e8b465ee728b)  -> (artifact id: 'fd96cb71cb29e76db086d26b2e2ab5e7') in 0.010783 seconds 
========================================================================
Received Import Request.
  Time since last request: 24.992532 seconds.
  path: Assets/blossom/bloom100.anim
  artifactKey: Guid(8c3c89dc987061648b6d1fa458300d1f) Importer(815301076,1909f56bfc062723c751e8b465ee728b)
Start importing Assets/blossom/bloom100.anim using Guid(8c3c89dc987061648b6d1fa458300d1f) Importer(815301076,1909f56bfc062723c751e8b465ee728b)  -> (artifact id: '391df5b982e31ab09541346d54fd2e22') in 0.005296 seconds 
========================================================================
Received Import Request.
  Time since last request: 3.633025 seconds.
  path: Assets/blossom/bloom80.anim
  artifactKey: Guid(518e34ee721be624f896c15831deb478) Importer(815301076,1909f56bfc062723c751e8b465ee728b)
Start importing Assets/blossom/bloom80.anim using Guid(518e34ee721be624f896c15831deb478) Importer(815301076,1909f56bfc062723c751e8b465ee728b)  -> (artifact id: '00d7dba420eeb2d321976a235fecc268') in 0.005406 seconds 
========================================================================
Received Import Request.
  Time since last request: 11.419398 seconds.
  path: Assets/blossom/Idle 1.anim
  artifactKey: Guid(2bdbecf309860d448821608ec1003c39) Importer(815301076,1909f56bfc062723c751e8b465ee728b)
Start importing Assets/blossom/Idle 1.anim using Guid(2bdbecf309860d448821608ec1003c39) Importer(815301076,1909f56bfc062723c751e8b465ee728b)  -> (artifact id: '5f792402bd71d7fa2fb1c3e636125ea0') in 0.005821 seconds 
========================================================================
Received Import Request.
  Time since last request: 0.575000 seconds.
  path: Assets/blossom/Idle.anim
  artifactKey: Guid(a8a271796699f434c81154384321020a) Importer(815301076,1909f56bfc062723c751e8b465ee728b)
Start importing Assets/blossom/Idle.anim using Guid(a8a271796699f434c81154384321020a) Importer(815301076,1909f56bfc062723c751e8b465ee728b)  -> (artifact id: '30e87714352863f0b08ec577cad5c9a4') in 0.004998 seconds 
========================================================================
Received Import Request.
  Time since last request: 9.019703 seconds.
  path: Assets/blossom/60green 1.mat
  artifactKey: Guid(bfd98ff83016d2c40ba124a96e7fe96d) Importer(815301076,1909f56bfc062723c751e8b465ee728b)
Start importing Assets/blossom/60green 1.mat using Guid(bfd98ff83016d2c40ba124a96e7fe96d) Importer(815301076,1909f56bfc062723c751e8b465ee728b)  -> (artifact id: '957bfcfb987eed8e3bdbf36ff13afe89') in 3.485372 seconds 
========================================================================
Received Import Request.
  Time since last request: 2.618701 seconds.
  path: Assets/blossom/80green 1.mat
  artifactKey: Guid(a2b000c39a9ba98418211fb5986f9ec4) Importer(815301076,1909f56bfc062723c751e8b465ee728b)
Start importing Assets/blossom/80green 1.mat using Guid(a2b000c39a9ba98418211fb5986f9ec4) Importer(815301076,1909f56bfc062723c751e8b465ee728b)  -> (artifact id: 'f1396f16b58548a9118718e9930edb0a') in 0.030090 seconds 
========================================================================
Received Import Request.
  Time since last request: 12.344579 seconds.
  path: Assets/flower animation/GrassFlower_LOD0 1.prefab
  artifactKey: Guid(b3bafcebe2e44a841b7f2a93d6ec8f69) Importer(815301076,1909f56bfc062723c751e8b465ee728b)
Start importing Assets/flower animation/GrassFlower_LOD0 1.prefab using Guid(b3bafcebe2e44a841b7f2a93d6ec8f69) Importer(815301076,1909f56bfc062723c751e8b465ee728b)  -> (artifact id: '038ffdd7f4b4cc23d03e82658cd459c7') in 0.070482 seconds 
========================================================================
Received Import Request.
  Time since last request: 5.769296 seconds.
  path: Assets/blossom/blossom.anim
  artifactKey: Guid(4727873891c4826429288041ec406a7c) Importer(815301076,1909f56bfc062723c751e8b465ee728b)
Start importing Assets/blossom/blossom.anim using Guid(4727873891c4826429288041ec406a7c) Importer(815301076,1909f56bfc062723c751e8b465ee728b)  -> (artifact id: '883429a547e0523921cb975d0445fcf9') in 0.005226 seconds 
