Using pre-set license
Built from '2021.3/staging' branch; Version is '2021.3.5f1 (40eb3a945986) revision 4254522'; Using compiler version '192829333'; Build Type 'Release'
OS: 'Windows 10  (10.0.19043) 64bit Enterprise' Language: 'en' Physical Memory: 65458 MB
BatchMode: 1, IsHumanControllingUs: 0, StartBugReporterOnCrash: 0, Is64bit: 1, IsPro: 1

COMMAND LINE ARGUMENTS:
C:\Program Files\Unity\Hub\Editor\2021.3.5f1\Editor\Unity.exe
-adb2
-batchMode
-noUpm
-name
AssetImportWorker4
-projectPath
C:/Users/demo/Documents/GitHub/BioVR
-logFile
Logs/AssetImportWorker4.log
-srvPort
53864
Successfully changed project path to: C:/Users/demo/Documents/GitHub/BioVR
C:/Users/demo/Documents/GitHub/BioVR
[UnityMemory] Configuration Parameters - Can be set up in boot.config
    "memorysetup-bucket-allocator-granularity=16"
    "memorysetup-bucket-allocator-bucket-count=8"
    "memorysetup-bucket-allocator-block-size=33554432"
    "memorysetup-bucket-allocator-block-count=8"
    "memorysetup-main-allocator-block-size=16777216"
    "memorysetup-thread-allocator-block-size=16777216"
    "memorysetup-gfx-main-allocator-block-size=16777216"
    "memorysetup-gfx-thread-allocator-block-size=16777216"
    "memorysetup-cache-allocator-block-size=4194304"
    "memorysetup-typetree-allocator-block-size=2097152"
    "memorysetup-profiler-bucket-allocator-granularity=16"
    "memorysetup-profiler-bucket-allocator-bucket-count=8"
    "memorysetup-profiler-bucket-allocator-block-size=33554432"
    "memorysetup-profiler-bucket-allocator-block-count=8"
    "memorysetup-profiler-allocator-block-size=16777216"
    "memorysetup-profiler-editor-allocator-block-size=1048576"
    "memorysetup-temp-allocator-size-main=16777216"
    "memorysetup-job-temp-allocator-block-size=2097152"
    "memorysetup-job-temp-allocator-block-size-background=1048576"
    "memorysetup-job-temp-allocator-reduction-small-platforms=262144"
    "memorysetup-temp-allocator-size-background-worker=32768"
    "memorysetup-temp-allocator-size-job-worker=262144"
    "memorysetup-temp-allocator-size-preload-manager=33554432"
    "memorysetup-temp-allocator-size-nav-mesh-worker=65536"
    "memorysetup-temp-allocator-size-audio-worker=65536"
    "memorysetup-temp-allocator-size-cloud-worker=32768"
    "memorysetup-temp-allocator-size-gi-baking-worker=262144"
    "memorysetup-temp-allocator-size-gfx=262144"
Refreshing native plugins compatible for Editor in 245.51 ms, found 11 plugins.
Preloading 0 native plugins for Editor in 0.00 ms.
Initialize engine version: 2021.3.5f1 (40eb3a945986)
[Subsystems] Discovering subsystems at path C:/Program Files/Unity/Hub/Editor/2021.3.5f1/Editor/Data/Resources/UnitySubsystems
[Subsystems] Discovering subsystems at path C:/Users/demo/Documents/GitHub/BioVR/Assets
GfxDevice: creating device client; threaded=0; jobified=0
Direct3D:
    Version:  Direct3D 11.0 [level 11.1]
    Renderer: NVIDIA Quadro M4000 (ID=0x13f1)
    Vendor:   NVIDIA
    VRAM:     8144 MB
    Driver:   31.0.15.1694
Initialize mono
Mono path[0] = 'C:/Program Files/Unity/Hub/Editor/2021.3.5f1/Editor/Data/Managed'
Mono path[1] = 'C:/Program Files/Unity/Hub/Editor/2021.3.5f1/Editor/Data/MonoBleedingEdge/lib/mono/unityjit-win32'
Mono config path = 'C:/Program Files/Unity/Hub/Editor/2021.3.5f1/Editor/Data/MonoBleedingEdge/etc'
Using monoOptions --debugger-agent=transport=dt_socket,embedding=1,server=y,suspend=n,address=127.0.0.1:56232
Begin MonoManager ReloadAssembly
Registering precompiled unity dll's ...
Register platform support module: C:/Program Files/Unity/Hub/Editor/2021.3.5f1/Editor/Data/PlaybackEngines/WindowsStandaloneSupport/UnityEditor.WindowsStandalone.Extensions.dll
Register platform support module: C:/Program Files/Unity/Hub/Editor/2021.3.5f1/Editor/Data/PlaybackEngines/MetroSupport/UnityEditor.UWP.Extensions.dll
Registered in 0.019250 seconds.
Native extension for UWP target not found
Native extension for WindowsStandalone target not found
Refreshing native plugins compatible for Editor in 223.77 ms, found 11 plugins.
Preloading 0 native plugins for Editor in 0.00 ms.
Mono: successfully reloaded assembly
- Completed reload, in  1.154 seconds
Domain Reload Profiling:
	ReloadAssembly (1155ms)
		BeginReloadAssembly (142ms)
			ExecutionOrderSort (0ms)
			DisableScriptedObjects (0ms)
			BackupInstance (0ms)
			ReleaseScriptingObjects (0ms)
			CreateAndSetChildDomain (1ms)
		EndReloadAssembly (813ms)
			LoadAssemblies (139ms)
			RebuildTransferFunctionScriptingTraits (0ms)
			SetupTypeCache (178ms)
			ReleaseScriptCaches (0ms)
			RebuildScriptCaches (40ms)
			SetupLoadedEditorAssemblies (504ms)
				LogAssemblyErrors (0ms)
				InitializePlatformSupportModulesInManaged (17ms)
				SetLoadedEditorAssemblies (0ms)
				RefreshPlugins (224ms)
				BeforeProcessingInitializeOnLoad (2ms)
				ProcessInitializeOnLoadAttributes (187ms)
				ProcessInitializeOnLoadMethodAttributes (74ms)
				AfterProcessingInitializeOnLoad (0ms)
				EditorAssembliesLoaded (0ms)
			ExecutionOrderSort2 (0ms)
			AwakeInstancesAfterBackupRestoration (0ms)
Platform modules already initialized, skipping
Registering precompiled user dll's ...
Registered in 0.024875 seconds.
Begin MonoManager ReloadAssembly
Symbol file LoadedFromMemory doesn't match image C:\Users\demo\Documents\GitHub\BioVR\Library\PackageCache\com.unity.visualscripting@1.7.8\Editor\VisualScripting.Core\Dependencies\DotNetZip\Unity.VisualScripting.IonicZip.dll
Symbol file LoadedFromMemory doesn't match image C:\Users\demo\Documents\GitHub\BioVR\Library\PackageCache\com.unity.visualscripting@1.7.8\Editor\VisualScripting.Core\Dependencies\YamlDotNet\Unity.VisualScripting.YamlDotNet.dll
Native extension for UWP target not found
Native extension for WindowsStandalone target not found
Refreshing native plugins compatible for Editor in 225.87 ms, found 11 plugins.
Preloading 0 native plugins for Editor in 0.00 ms.
Package Manager log level set to [2]
Mono: successfully reloaded assembly
- Completed reload, in  2.845 seconds
Domain Reload Profiling:
	ReloadAssembly (2846ms)
		BeginReloadAssembly (201ms)
			ExecutionOrderSort (0ms)
			DisableScriptedObjects (9ms)
			BackupInstance (0ms)
			ReleaseScriptingObjects (0ms)
			CreateAndSetChildDomain (31ms)
		EndReloadAssembly (2467ms)
			LoadAssemblies (210ms)
			RebuildTransferFunctionScriptingTraits (0ms)
			SetupTypeCache (616ms)
			ReleaseScriptCaches (2ms)
			RebuildScriptCaches (145ms)
			SetupLoadedEditorAssemblies (1429ms)
				LogAssemblyErrors (0ms)
				InitializePlatformSupportModulesInManaged (21ms)
				SetLoadedEditorAssemblies (0ms)
				RefreshPlugins (226ms)
				BeforeProcessingInitializeOnLoad (245ms)
				ProcessInitializeOnLoadAttributes (611ms)
				ProcessInitializeOnLoadMethodAttributes (307ms)
				AfterProcessingInitializeOnLoad (19ms)
				EditorAssembliesLoaded (0ms)
			ExecutionOrderSort2 (0ms)
			AwakeInstancesAfterBackupRestoration (14ms)
Platform modules already initialized, skipping
========================================================================
Worker process is ready to serve import requests
Launched and connected shader compiler UnityShaderCompiler.exe after 0.07 seconds
Refreshing native plugins compatible for Editor in 3.59 ms, found 11 plugins.
Preloading 0 native plugins for Editor in 0.00 ms.
Unloading 7245 Unused Serialized files (Serialized files now loaded: 0)
Unloading 78 unused Assets / (3.9 MB). Loaded Objects now: 7698.
Memory consumption went from 326.3 MB to 322.4 MB.
Total: 8.918400 ms (FindLiveObjects: 0.888000 ms CreateObjectMapping: 0.560500 ms MarkObjects: 6.023500 ms  DeleteObjects: 1.444700 ms)

AssetImportParameters requested are different than current active one (requested -> active):
  custom:video-decoder-ogg-theora: a1e56fd34408186e4bbccfd4996cb3dc -> 
  custom:container-muxer-webm: aa71ff27fc2769a1b78a27578f13a17b -> 
  custom:container-demuxer-webm: 4f35f7cbe854078d1ac9338744f61a02 -> 
  custom:video-encoder-webm-vp8: eb34c28f22e8b96e1ab97ce403110664 -> 
  custom:audio-encoder-webm-vorbis: bf7c407c2cedff20999df2af8eb42d56 -> 
  custom:framework-win-MediaFoundation: 216162199b28c13a410421893ffa2e32 -> 
  custom:container-demuxer-ogg: 62fdf1f143b41e24485cea50d1cbac27 -> 
  custom:video-decoder-webm-vp8: 9c59270c3fd7afecdb556c50c9e8de78 -> 
  custom:audio-decoder-ogg-vorbis: bf7c407c2cedff20999df2af8eb42d56 -> 
========================================================================
Received Import Request.
  Time since last request: 236995.798712 seconds.
  path: Assets/Shader/NewUnlitShader.shader
  artifactKey: Guid(5565c040fa4f0604e8125000ba8d331b) Importer(815301076,1909f56bfc062723c751e8b465ee728b)
Start importing Assets/Shader/NewUnlitShader.shader using Guid(5565c040fa4f0604e8125000ba8d331b) Importer(815301076,1909f56bfc062723c751e8b465ee728b)  -> (artifact id: '80def2ed546cadeb011b8cfcdf891cf1') in 0.074319 seconds 
========================================================================
Received Import Request.
  Time since last request: 101.131090 seconds.
  path: Assets/Shader/New Shader Graph.shadergraph
  artifactKey: Guid(fe8d19e141b780b45a49acda3443b15f) Importer(815301076,1909f56bfc062723c751e8b465ee728b)
Start importing Assets/Shader/New Shader Graph.shadergraph using Guid(fe8d19e141b780b45a49acda3443b15f) Importer(815301076,1909f56bfc062723c751e8b465ee728b)  -> (artifact id: 'ddfff5705939c221706402b1ef7a5ffc') in 0.012024 seconds 
========================================================================
Received Import Request.
  Time since last request: 111.858055 seconds.
  path: Assets/StylizedNatureBundle/Prefabs/Terrain/Terrain.prefab
  artifactKey: Guid(5a4ebe620e839e24fb818291bbd301dc) Importer(815301076,1909f56bfc062723c751e8b465ee728b)
Start importing Assets/StylizedNatureBundle/Prefabs/Terrain/Terrain.prefab using Guid(5a4ebe620e839e24fb818291bbd301dc) Importer(815301076,1909f56bfc062723c751e8b465ee728b)  -> (artifact id: '4a35f9e3a432acc910b9dc681d7136bb') in 1.398709 seconds 
========================================================================
Received Import Request.
  Time since last request: 544.589261 seconds.
  path: Assets/Shader/New Shader Graph.shadergraph
  artifactKey: Guid(fe8d19e141b780b45a49acda3443b15f) Importer(815301076,1909f56bfc062723c751e8b465ee728b)
Start importing Assets/Shader/New Shader Graph.shadergraph using Guid(fe8d19e141b780b45a49acda3443b15f) Importer(815301076,1909f56bfc062723c751e8b465ee728b)  -> (artifact id: '3f36be64d4fec6b110a8410ded04a94c') in 0.006334 seconds 
========================================================================
Received Import Request.
  Time since last request: 29.002782 seconds.
  path: Assets/StylizedNatureBundle/Textures/T_SNB_Vegetation_Normal.tga
  artifactKey: Guid(fc84c738c0737df418cb63cacdcb9f84) Importer(815301076,1909f56bfc062723c751e8b465ee728b)
Start importing Assets/StylizedNatureBundle/Textures/T_SNB_Vegetation_Normal.tga using Guid(fc84c738c0737df418cb63cacdcb9f84) Importer(815301076,1909f56bfc062723c751e8b465ee728b)  -> (artifact id: '4d621a47de24ff3ecbe252c683201d77') in 0.043574 seconds 
========================================================================
Received Import Request.
  Time since last request: 54.706178 seconds.
  path: Assets/StylizedNatureBundle/Models/Rocks/Rock_01_LOD0.FBX
  artifactKey: Guid(4cf5859cca228e0439250a44021e54b5) Importer(815301076,1909f56bfc062723c751e8b465ee728b)
Start importing Assets/StylizedNatureBundle/Models/Rocks/Rock_01_LOD0.FBX using Guid(4cf5859cca228e0439250a44021e54b5) Importer(815301076,1909f56bfc062723c751e8b465ee728b)  -> (artifact id: '4f7d5667ea9d1f07856aafa9f21190fb') in 0.075219 seconds 
========================================================================
Received Import Request.
  Time since last request: 0.000049 seconds.
  path: Assets/StylizedNatureBundle/Models/Rocks/Rock_10_LOD0.FBX
  artifactKey: Guid(1b970ccfddcd20343aa91ba1bda7d0ef) Importer(815301076,1909f56bfc062723c751e8b465ee728b)
Start importing Assets/StylizedNatureBundle/Models/Rocks/Rock_10_LOD0.FBX using Guid(1b970ccfddcd20343aa91ba1bda7d0ef) Importer(815301076,1909f56bfc062723c751e8b465ee728b)  -> (artifact id: '01f7450bed4856cb8b0108120c8f1048') in 0.039035 seconds 
========================================================================
Received Import Request.
  Time since last request: 0.000057 seconds.
  path: Assets/StylizedNatureBundle/Models/Rocks/Rock_07_LOD0.FBX
  artifactKey: Guid(dd661c2a074aa7346b3fe0f8f84eac3c) Importer(815301076,1909f56bfc062723c751e8b465ee728b)
Start importing Assets/StylizedNatureBundle/Models/Rocks/Rock_07_LOD0.FBX using Guid(dd661c2a074aa7346b3fe0f8f84eac3c) Importer(815301076,1909f56bfc062723c751e8b465ee728b)  -> (artifact id: '3d4058a596636b01bd29cb73e67fbda0') in 0.036009 seconds 
========================================================================
Received Import Request.
  Time since last request: 0.000045 seconds.
  path: Assets/StylizedNatureBundle/Models/Rocks/Rock_11_LOD0.FBX
  artifactKey: Guid(43f23ea32e4ca3d409512af7eedb2f01) Importer(815301076,1909f56bfc062723c751e8b465ee728b)
Start importing Assets/StylizedNatureBundle/Models/Rocks/Rock_11_LOD0.FBX using Guid(43f23ea32e4ca3d409512af7eedb2f01) Importer(815301076,1909f56bfc062723c751e8b465ee728b)  -> (artifact id: '24175d6004954392d336ed2a3e509c61') in 0.034997 seconds 
Editor requested this worker to shutdown with reason: Scaling down because of idle timeout
AssetImportWorker is now disconnected from the server
Process exiting
Exiting without the bug reporter. Application will terminate with return code 0