Using pre-set license
Built from '2021.3/staging' branch; Version is '2021.3.5f1 (40eb3a945986) revision 4254522'; Using compiler version '192829333'; Build Type 'Release'
OS: 'Windows 10  (10.0.19043) 64bit Enterprise' Language: 'en' Physical Memory: 65458 MB
BatchMode: 1, IsHumanControllingUs: 0, StartBugReporterOnCrash: 0, Is64bit: 1, IsPro: 1

COMMAND LINE ARGUMENTS:
C:\Program Files\Unity\Hub\Editor\2021.3.5f1\Editor\Unity.exe
-adb2
-batchMode
-noUpm
-name
AssetImportWorker2
-projectPath
C:/Users/demo/Documents/GitHub/BioVR
-logFile
Logs/AssetImportWorker2.log
-srvPort
49744
Successfully changed project path to: C:/Users/demo/Documents/GitHub/BioVR
C:/Users/demo/Documents/GitHub/BioVR
[UnityMemory] Configuration Parameters - Can be set up in boot.config
    "memorysetup-bucket-allocator-granularity=16"
    "memorysetup-bucket-allocator-bucket-count=8"
    "memorysetup-bucket-allocator-block-size=33554432"
    "memorysetup-bucket-allocator-block-count=8"
    "memorysetup-main-allocator-block-size=16777216"
    "memorysetup-thread-allocator-block-size=16777216"
    "memorysetup-gfx-main-allocator-block-size=16777216"
    "memorysetup-gfx-thread-allocator-block-size=16777216"
    "memorysetup-cache-allocator-block-size=4194304"
    "memorysetup-typetree-allocator-block-size=2097152"
    "memorysetup-profiler-bucket-allocator-granularity=16"
    "memorysetup-profiler-bucket-allocator-bucket-count=8"
    "memorysetup-profiler-bucket-allocator-block-size=33554432"
    "memorysetup-profiler-bucket-allocator-block-count=8"
    "memorysetup-profiler-allocator-block-size=16777216"
    "memorysetup-profiler-editor-allocator-block-size=1048576"
    "memorysetup-temp-allocator-size-main=16777216"
    "memorysetup-job-temp-allocator-block-size=2097152"
    "memorysetup-job-temp-allocator-block-size-background=1048576"
    "memorysetup-job-temp-allocator-reduction-small-platforms=262144"
    "memorysetup-temp-allocator-size-background-worker=32768"
    "memorysetup-temp-allocator-size-job-worker=262144"
    "memorysetup-temp-allocator-size-preload-manager=33554432"
    "memorysetup-temp-allocator-size-nav-mesh-worker=65536"
    "memorysetup-temp-allocator-size-audio-worker=65536"
    "memorysetup-temp-allocator-size-cloud-worker=32768"
    "memorysetup-temp-allocator-size-gi-baking-worker=262144"
    "memorysetup-temp-allocator-size-gfx=262144"
Refreshing native plugins compatible for Editor in 215.61 ms, found 11 plugins.
Preloading 0 native plugins for Editor in 0.00 ms.
Initialize engine version: 2021.3.5f1 (40eb3a945986)
[Subsystems] Discovering subsystems at path C:/Program Files/Unity/Hub/Editor/2021.3.5f1/Editor/Data/Resources/UnitySubsystems
[Subsystems] Discovering subsystems at path C:/Users/demo/Documents/GitHub/BioVR/Assets
GfxDevice: creating device client; threaded=0; jobified=0
Direct3D:
    Version:  Direct3D 11.0 [level 11.1]
    Renderer: NVIDIA Quadro M4000 (ID=0x13f1)
    Vendor:   NVIDIA
    VRAM:     8144 MB
    Driver:   31.0.15.1694
Initialize mono
Mono path[0] = 'C:/Program Files/Unity/Hub/Editor/2021.3.5f1/Editor/Data/Managed'
Mono path[1] = 'C:/Program Files/Unity/Hub/Editor/2021.3.5f1/Editor/Data/MonoBleedingEdge/lib/mono/unityjit-win32'
Mono config path = 'C:/Program Files/Unity/Hub/Editor/2021.3.5f1/Editor/Data/MonoBleedingEdge/etc'
Using monoOptions --debugger-agent=transport=dt_socket,embedding=1,server=y,suspend=n,address=127.0.0.1:56688
Begin MonoManager ReloadAssembly
Registering precompiled unity dll's ...
Register platform support module: C:/Program Files/Unity/Hub/Editor/2021.3.5f1/Editor/Data/PlaybackEngines/WindowsStandaloneSupport/UnityEditor.WindowsStandalone.Extensions.dll
Register platform support module: C:/Program Files/Unity/Hub/Editor/2021.3.5f1/Editor/Data/PlaybackEngines/MetroSupport/UnityEditor.UWP.Extensions.dll
Registered in 0.012726 seconds.
Native extension for UWP target not found
Native extension for WindowsStandalone target not found
Refreshing native plugins compatible for Editor in 195.33 ms, found 11 plugins.
Preloading 0 native plugins for Editor in 0.00 ms.
Mono: successfully reloaded assembly
- Completed reload, in  1.001 seconds
Domain Reload Profiling:
	ReloadAssembly (1002ms)
		BeginReloadAssembly (115ms)
			ExecutionOrderSort (0ms)
			DisableScriptedObjects (0ms)
			BackupInstance (0ms)
			ReleaseScriptingObjects (0ms)
			CreateAndSetChildDomain (1ms)
		EndReloadAssembly (711ms)
			LoadAssemblies (113ms)
			RebuildTransferFunctionScriptingTraits (0ms)
			SetupTypeCache (158ms)
			ReleaseScriptCaches (0ms)
			RebuildScriptCaches (36ms)
			SetupLoadedEditorAssemblies (442ms)
				LogAssemblyErrors (0ms)
				InitializePlatformSupportModulesInManaged (12ms)
				SetLoadedEditorAssemblies (0ms)
				RefreshPlugins (196ms)
				BeforeProcessingInitializeOnLoad (2ms)
				ProcessInitializeOnLoadAttributes (166ms)
				ProcessInitializeOnLoadMethodAttributes (66ms)
				AfterProcessingInitializeOnLoad (0ms)
				EditorAssembliesLoaded (0ms)
			ExecutionOrderSort2 (0ms)
			AwakeInstancesAfterBackupRestoration (0ms)
Platform modules already initialized, skipping
Registering precompiled user dll's ...
Registered in 0.020532 seconds.
Begin MonoManager ReloadAssembly
Symbol file LoadedFromMemory doesn't match image C:\Users\demo\Documents\GitHub\BioVR\Library\PackageCache\com.unity.visualscripting@1.7.8\Editor\VisualScripting.Core\Dependencies\DotNetZip\Unity.VisualScripting.IonicZip.dll
Symbol file LoadedFromMemory doesn't match image C:\Users\demo\Documents\GitHub\BioVR\Library\PackageCache\com.unity.visualscripting@1.7.8\Editor\VisualScripting.Core\Dependencies\YamlDotNet\Unity.VisualScripting.YamlDotNet.dll
Native extension for UWP target not found
Native extension for WindowsStandalone target not found
Refreshing native plugins compatible for Editor in 205.08 ms, found 11 plugins.
Preloading 0 native plugins for Editor in 0.00 ms.
Package Manager log level set to [2]
Error loading file Library/StateCache/LayerSettings/9e/9ecc5c3c162a7aba29bafa64c8b94b7c.json. Error: System.IO.IOException: Sharing violation on path C:\Users\demo\Documents\GitHub\BioVR\Library\StateCache\LayerSettings\9e\9ecc5c3c162a7aba29bafa64c8b94b7c.json
  at System.IO.FileStream..ctor (System.String path, System.IO.FileMode mode, System.IO.FileAccess access, System.IO.FileShare share, System.Int32 bufferSize, System.Boolean anonymous, System.IO.FileOptions options) [0x0019e] in <e40e5a8f982c4b618a930d29f9bd091c>:0 
  at System.IO.FileStream..ctor (System.String path, System.IO.FileMode mode, System.IO.FileAccess access, System.IO.FileShare share, System.Int32 bufferSize, System.IO.FileOptions options) [0x00000] in <e40e5a8f982c4b618a930d29f9bd091c>:0 
  at (wrapper remoting-invoke-with-check) System.IO.FileStream..ctor(string,System.IO.FileMode,System.IO.FileAccess,System.IO.FileShare,int,System.IO.FileOptions)
  at System.IO.StreamReader..ctor (System.String path, System.Text.Encoding encoding, System.Boolean detectEncodingFromByteOrderMarks, System.Int32 bufferSize) [0x00055] in <e40e5a8f982c4b618a930d29f9bd091c>:0 
  at System.IO.StreamReader..ctor (System.String path, System.Text.Encoding encoding, System.Boolean detectEncodingFromByteOrderMarks) [0x00000] in <e40e5a8f982c4b618a930d29f9bd091c>:0 
  at (wrapper remoting-invoke-with-check) System.IO.StreamReader..ctor(string,System.Text.Encoding,bool)
  at System.IO.File.InternalReadAllText (System.String path, System.Text.Encoding encoding) [0x00000] in <e40e5a8f982c4b618a930d29f9bd091c>:0 
  at System.IO.File.ReadAllText (System.String path, System.Text.Encoding encoding) [0x00034] in <e40e5a8f982c4b618a930d29f9bd091c>:0 
  at UnityEditor.StateCache`1[T].GetState (UnityEngine.Hash128 key, T defaultValue) [0x00041] in <1f0be198f5164d2489de92f22c998266>:0 
UnityEngine.StackTraceUtility:ExtractStackTrace ()
UnityEngine.DebugLogHandler:LogFormat (UnityEngine.LogType,UnityEngine.Object,string,object[])
UnityEngine.Logger:Log (UnityEngine.LogType,object)
UnityEngine.Debug:LogError (object)
UnityEditor.StateCache`1<UnityEditor.Tools/LayerSettings>:GetState (UnityEngine.Hash128,UnityEditor.Tools/LayerSettings)
UnityEditor.Tools:OnEnable ()
UnityEngine.ScriptableObject:CreateInstance (System.Type)
UnityEngine.ScriptableObject:CreateInstance<UnityEditor.Tools> ()
UnityEditor.Tools:get_get ()
UnityEditor.Tools:get_visibleLayers ()
UnityEditor.Animations.Rigging.BoneRendererUtils:.cctor () (at Library/PackageCache/com.unity.animation.rigging@1.1.1/Editor/Utils/BoneRendererUtils.cs:121)
System.Runtime.CompilerServices.RuntimeHelpers:RunClassConstructor (System.RuntimeTypeHandle)
UnityEditor.EditorAssemblies:ProcessInitializeOnLoadAttributes (System.Type[])

(Filename: Library/PackageCache/com.unity.animation.rigging@1.1.1/Editor/Utils/BoneRendererUtils.cs Line: 121)

Mono: successfully reloaded assembly
- Completed reload, in  2.466 seconds
Domain Reload Profiling:
	ReloadAssembly (2468ms)
		BeginReloadAssembly (159ms)
			ExecutionOrderSort (0ms)
			DisableScriptedObjects (8ms)
			BackupInstance (0ms)
			ReleaseScriptingObjects (0ms)
			CreateAndSetChildDomain (29ms)
		EndReloadAssembly (2165ms)
			LoadAssemblies (148ms)
			RebuildTransferFunctionScriptingTraits (0ms)
			SetupTypeCache (550ms)
			ReleaseScriptCaches (2ms)
			RebuildScriptCaches (136ms)
			SetupLoadedEditorAssemblies (1254ms)
				LogAssemblyErrors (0ms)
				InitializePlatformSupportModulesInManaged (18ms)
				SetLoadedEditorAssemblies (0ms)
				RefreshPlugins (205ms)
				BeforeProcessingInitializeOnLoad (210ms)
				ProcessInitializeOnLoadAttributes (551ms)
				ProcessInitializeOnLoadMethodAttributes (258ms)
				AfterProcessingInitializeOnLoad (12ms)
				EditorAssembliesLoaded (0ms)
			ExecutionOrderSort2 (0ms)
			AwakeInstancesAfterBackupRestoration (13ms)
Platform modules already initialized, skipping
========================================================================
Worker process is ready to serve import requests
Launched and connected shader compiler UnityShaderCompiler.exe after 0.09 seconds
Refreshing native plugins compatible for Editor in 2.28 ms, found 11 plugins.
Preloading 0 native plugins for Editor in 0.00 ms.
Unloading 7245 Unused Serialized files (Serialized files now loaded: 0)
Unloading 78 unused Assets / (3.9 MB). Loaded Objects now: 7698.
Memory consumption went from 326.6 MB to 322.7 MB.
Total: 7.287600 ms (FindLiveObjects: 0.852700 ms CreateObjectMapping: 0.503100 ms MarkObjects: 4.745100 ms  DeleteObjects: 1.184500 ms)

AssetImportParameters requested are different than current active one (requested -> active):
  custom:video-decoder-ogg-theora: a1e56fd34408186e4bbccfd4996cb3dc -> 
  custom:container-muxer-webm: aa71ff27fc2769a1b78a27578f13a17b -> 
  custom:container-demuxer-webm: 4f35f7cbe854078d1ac9338744f61a02 -> 
  custom:video-encoder-webm-vp8: eb34c28f22e8b96e1ab97ce403110664 -> 
  custom:audio-encoder-webm-vorbis: bf7c407c2cedff20999df2af8eb42d56 -> 
  custom:framework-win-MediaFoundation: 216162199b28c13a410421893ffa2e32 -> 
  custom:container-demuxer-ogg: 62fdf1f143b41e24485cea50d1cbac27 -> 
  custom:video-decoder-webm-vp8: 9c59270c3fd7afecdb556c50c9e8de78 -> 
  custom:audio-decoder-ogg-vorbis: bf7c407c2cedff20999df2af8eb42d56 -> 
========================================================================
Received Import Request.
  Time since last request: 588294.274555 seconds.
  path: Assets/blossom/100green.mat
  artifactKey: Guid(e61b9d035595adc48a3c83554b7618dd) Importer(815301076,1909f56bfc062723c751e8b465ee728b)
Start importing Assets/blossom/100green.mat using Guid(e61b9d035595adc48a3c83554b7618dd) Importer(815301076,1909f56bfc062723c751e8b465ee728b)  -> (artifact id: '22f1f78fc5fbcf5a6fc2e2156fd9ce45') in 1.626848 seconds 
========================================================================
Received Import Request.
  Time since last request: 69.680325 seconds.
  path: Assets/flower animation/7.mat
  artifactKey: Guid(14395f775ab529d419eec7d00eb6f2b3) Importer(815301076,1909f56bfc062723c751e8b465ee728b)
Start importing Assets/flower animation/7.mat using Guid(14395f775ab529d419eec7d00eb6f2b3) Importer(815301076,1909f56bfc062723c751e8b465ee728b)  -> (artifact id: '8bfe2e3a11eba5a579bd04eb8fda36b9') in 0.045547 seconds 
========================================================================
Received Import Request.
  Time since last request: 0.000066 seconds.
  path: Assets/flower animation/17.mat
  artifactKey: Guid(3c896ae7b0141174d87c75cda95c13eb) Importer(815301076,1909f56bfc062723c751e8b465ee728b)
Start importing Assets/flower animation/17.mat using Guid(3c896ae7b0141174d87c75cda95c13eb) Importer(815301076,1909f56bfc062723c751e8b465ee728b)  -> (artifact id: 'fffde29668975277b33f46ea54dd8f40') in 0.031719 seconds 
========================================================================
Received Import Request.
  Time since last request: 0.000055 seconds.
  path: Assets/flower animation/20.mat
  artifactKey: Guid(d02fb44dc55056646ad6c31e5d57f537) Importer(815301076,1909f56bfc062723c751e8b465ee728b)
Start importing Assets/flower animation/20.mat using Guid(d02fb44dc55056646ad6c31e5d57f537) Importer(815301076,1909f56bfc062723c751e8b465ee728b)  -> (artifact id: '3a5e10da219db263e1757615af770577') in 0.025831 seconds 
========================================================================
Received Import Request.
  Time since last request: 0.000040 seconds.
  path: Assets/flower animation/18.mat
  artifactKey: Guid(be001907988aeca44989b3fdc0d854b9) Importer(815301076,1909f56bfc062723c751e8b465ee728b)
Start importing Assets/flower animation/18.mat using Guid(be001907988aeca44989b3fdc0d854b9) Importer(815301076,1909f56bfc062723c751e8b465ee728b)  -> (artifact id: '85f8ea5b99b0946cb73344703b362fc3') in 0.030409 seconds 
========================================================================
Received Import Request.
  Time since last request: 0.000041 seconds.
  path: Assets/flower animation/11.mat
  artifactKey: Guid(238a7414f1ec1794d8d45a1537e8436c) Importer(815301076,1909f56bfc062723c751e8b465ee728b)
Start importing Assets/flower animation/11.mat using Guid(238a7414f1ec1794d8d45a1537e8436c) Importer(815301076,1909f56bfc062723c751e8b465ee728b)  -> (artifact id: '074bb44c127f46760dab52cdce6fb36f') in 0.022563 seconds 
========================================================================
Received Import Request.
  Time since last request: 0.000043 seconds.
  path: Assets/flower animation/15.mat
  artifactKey: Guid(9836ac3a3d09a9f499896d7324abfb23) Importer(815301076,1909f56bfc062723c751e8b465ee728b)
Start importing Assets/flower animation/15.mat using Guid(9836ac3a3d09a9f499896d7324abfb23) Importer(815301076,1909f56bfc062723c751e8b465ee728b)  -> (artifact id: 'b8e7300926c3a48e83f66361ec6c2329') in 0.026597 seconds 
========================================================================
Received Import Request.
  Time since last request: 0.000046 seconds.
  path: Assets/flower animation/14.mat
  artifactKey: Guid(f71f6f7364613f94183c8a6843a9bb7f) Importer(815301076,1909f56bfc062723c751e8b465ee728b)
Start importing Assets/flower animation/14.mat using Guid(f71f6f7364613f94183c8a6843a9bb7f) Importer(815301076,1909f56bfc062723c751e8b465ee728b)  -> (artifact id: 'f088ecb7af05c0808c0a01480826c3bc') in 0.032532 seconds 
========================================================================
Received Import Request.
  Time since last request: 0.000057 seconds.
  path: Assets/flower animation/12.mat
  artifactKey: Guid(999368c6ca28f6d4e91e13f3efe5cb48) Importer(815301076,1909f56bfc062723c751e8b465ee728b)
Start importing Assets/flower animation/12.mat using Guid(999368c6ca28f6d4e91e13f3efe5cb48) Importer(815301076,1909f56bfc062723c751e8b465ee728b)  -> (artifact id: '9c3d3e03974b5e3c528906c310cffd41') in 0.026707 seconds 
========================================================================
Received Import Request.
  Time since last request: 0.625073 seconds.
  path: Assets/flower animation/24.mat
  artifactKey: Guid(4917f2f78496a7a41b040f09cd2d5ab5) Importer(815301076,1909f56bfc062723c751e8b465ee728b)
Start importing Assets/flower animation/24.mat using Guid(4917f2f78496a7a41b040f09cd2d5ab5) Importer(815301076,1909f56bfc062723c751e8b465ee728b)  -> (artifact id: '9f415795ef37e141cd8b6673efc35e97') in 0.026130 seconds 
========================================================================
Received Import Request.
  Time since last request: 4.766119 seconds.
  path: Assets/flower animation/5.mat
  artifactKey: Guid(46395f07209c2f340bb705c93d171888) Importer(815301076,1909f56bfc062723c751e8b465ee728b)
Start importing Assets/flower animation/5.mat using Guid(46395f07209c2f340bb705c93d171888) Importer(815301076,1909f56bfc062723c751e8b465ee728b)  -> (artifact id: 'b55b008edaabb482afe9f136883a2af6') in 0.029384 seconds 
========================================================================
Received Import Request.
  Time since last request: 0.009783 seconds.
  path: Assets/flower animation/1.mat
  artifactKey: Guid(e1bfcbade570e134885a62bce44e694d) Importer(815301076,1909f56bfc062723c751e8b465ee728b)
Start importing Assets/flower animation/1.mat using Guid(e1bfcbade570e134885a62bce44e694d) Importer(815301076,1909f56bfc062723c751e8b465ee728b)  -> (artifact id: 'a7d843b3ac582aebec0549d05056c673') in 0.031066 seconds 
========================================================================
Received Import Request.
  Time since last request: 0.000055 seconds.
  path: Assets/flower animation/3.mat
  artifactKey: Guid(d409b7aedd7bddf4dbbe76c6f2fe25f7) Importer(815301076,1909f56bfc062723c751e8b465ee728b)
Start importing Assets/flower animation/3.mat using Guid(d409b7aedd7bddf4dbbe76c6f2fe25f7) Importer(815301076,1909f56bfc062723c751e8b465ee728b)  -> (artifact id: 'a8788dbbb2ed0840c4ab7875868c5a10') in 0.025857 seconds 
Editor requested this worker to shutdown with reason: Scaling down because of idle timeout
AssetImportWorkerClient::OnTransportError - code=2 error=End of file
AssetImportWorker is now disconnected from the server
Process exiting
Exiting without the bug reporter. Application will terminate with return code 0